2019-02-27 21:33:08,840 [INFO]  Using [[cpu(0)]] as the context for training
2019-02-27 21:33:08,848 [INFO]  Fitting label encoder <class 'datawig.column_encoders.NumericalEncoder'> on 33352 rows                             of training data
2019-02-27 21:33:08,853 [INFO]  Detected 0 rows with missing labels                         for column Citations
2019-02-27 21:33:08,854 [INFO]  Dropping 0/33352 rows
2019-02-27 21:33:08,857 [INFO]  Detected 685 rows with missing labels                         for column Citations
2019-02-27 21:33:08,857 [INFO]  Dropping 685/3705 rows
2019-02-27 21:33:08,858 [INFO]  Train: 33352, Test: 3020
2019-02-27 21:33:08,858 [INFO]  Fitting data encoder <class 'datawig.column_encoders.NumericalEncoder'> on columns Citations and 33352 rows of training data with parameters {'input_columns': ['Citations'], 'output_column': 'numerical_features-2yW4Acq9GF', 'output_dim': 1, 'normalize': True, 'scaler': None}
2019-02-27 21:33:08,860 [INFO]  Building Train Iterator with 33352 elements
2019-02-27 21:33:08,946 [INFO]  Concatenating numeric columns ['Citations'] into numerical_features-2yW4Acq9GF
2019-02-27 21:33:08,946 [INFO]  Normalizing with StandardScaler
2019-02-27 21:33:08,947 [INFO]  Data Encoding - Encoded 33360 rows of column                         Citations with <class 'datawig.column_encoders.NumericalEncoder'> into                         <class 'numpy.ndarray'> of shape (33360, 1)                         and then into shape (33360, 1)
2019-02-27 21:33:08,948 [INFO]  Concatenating numeric columns ['Citations'] into Citations
2019-02-27 21:33:08,948 [INFO]  Normalizing with StandardScaler
2019-02-27 21:33:08,949 [INFO]  Label Encoding - Encoded 33360 rows of column                             Citations with <class 'datawig.column_encoders.NumericalEncoder'> into                             <class 'numpy.ndarray'> of shape (33360, 1) and                             then into shape (33360, 1)
2019-02-27 21:33:08,950 [INFO]  Building Test Iterator with 3020 elements
2019-02-27 21:33:08,964 [INFO]  Concatenating numeric columns ['Citations'] into numerical_features-2yW4Acq9GF
2019-02-27 21:33:08,964 [INFO]  Normalizing with StandardScaler
2019-02-27 21:33:08,965 [INFO]  Data Encoding - Encoded 3024 rows of column                         Citations with <class 'datawig.column_encoders.NumericalEncoder'> into                         <class 'numpy.ndarray'> of shape (3024, 1)                         and then into shape (3024, 1)
2019-02-27 21:33:08,966 [INFO]  Concatenating numeric columns ['Citations'] into Citations
2019-02-27 21:33:08,966 [INFO]  Normalizing with StandardScaler
2019-02-27 21:33:08,967 [INFO]  Label Encoding - Encoded 3024 rows of column                             Citations with <class 'datawig.column_encoders.NumericalEncoder'> into                             <class 'numpy.ndarray'> of shape (3024, 1) and                             then into shape (3024, 1)
2019-02-27 21:33:08,967 [INFO]  Concatenating all 1 latent symbols
2019-02-27 21:33:08,967 [INFO]  Constructing numerical loss for column Citations
2019-02-27 21:33:08,968 [INFO]  Building output symbols
2019-02-27 21:33:08,971 [INFO]  
========== start: fit model
2019-02-27 21:33:08,971 [WARNING]  Already bound, ignoring bind()
2019-02-27 21:33:09,578 [INFO]  Epoch[0] Batch [1043]	Speed: 27781.93 samples/sec	cross-entropy=0.101419	Citations-accuracy=3.024904
2019-02-27 21:33:10,135 [INFO]  Epoch[0] Train-cross-entropy=1.287389
2019-02-27 21:33:10,136 [INFO]  Epoch[0] Train-Citations-accuracy=3.047070
2019-02-27 21:33:10,136 [INFO]  Epoch[0] Time cost=1.163
2019-02-27 21:33:10,137 [INFO]  Saved checkpoint to "imputer_model/model-0000.params"
2019-02-27 21:33:10,192 [INFO]  Epoch[0] Validation-cross-entropy=0.000918
2019-02-27 21:33:10,192 [INFO]  Epoch[0] Validation-Citations-accuracy=0.000000
2019-02-27 21:33:10,790 [INFO]  Epoch[1] Batch [1043]	Speed: 27972.59 samples/sec	cross-entropy=0.002219	Citations-accuracy=3.024904
2019-02-27 21:33:11,370 [INFO]  Epoch[1] Train-cross-entropy=1.790471
2019-02-27 21:33:11,370 [INFO]  Epoch[1] Train-Citations-accuracy=3.047070
2019-02-27 21:33:11,370 [INFO]  Epoch[1] Time cost=1.178
2019-02-27 21:33:11,372 [INFO]  Saved checkpoint to "imputer_model/model-0001.params"
2019-02-27 21:33:11,422 [INFO]  Epoch[1] Validation-cross-entropy=0.210476
2019-02-27 21:33:11,422 [INFO]  Epoch[1] Validation-Citations-accuracy=0.000000
2019-02-27 21:33:11,965 [INFO]  Epoch[2] Batch [1043]	Speed: 30747.84 samples/sec	cross-entropy=0.035507	Citations-accuracy=3.024904
2019-02-27 21:33:12,503 [INFO]  Epoch[2] Train-cross-entropy=0.150116
2019-02-27 21:33:12,503 [INFO]  Epoch[2] Train-Citations-accuracy=3.047070
2019-02-27 21:33:12,503 [INFO]  Epoch[2] Time cost=1.081
2019-02-27 21:33:12,504 [INFO]  Saved checkpoint to "imputer_model/model-0002.params"
2019-02-27 21:33:12,551 [INFO]  Epoch[2] Validation-cross-entropy=0.389221
2019-02-27 21:33:12,551 [INFO]  Epoch[2] Validation-Citations-accuracy=0.000000
2019-02-27 21:33:13,098 [INFO]  Epoch[3] Batch [1043]	Speed: 30570.31 samples/sec	cross-entropy=0.007285	Citations-accuracy=3.024904
2019-02-27 21:33:13,635 [INFO]  Epoch[3] Train-cross-entropy=0.001271
2019-02-27 21:33:13,635 [INFO]  Epoch[3] Train-Citations-accuracy=3.047070
2019-02-27 21:33:13,635 [INFO]  Epoch[3] Time cost=1.083
2019-02-27 21:33:13,637 [INFO]  Saved checkpoint to "imputer_model/model-0003.params"
2019-02-27 21:33:13,681 [INFO]  Epoch[3] Validation-cross-entropy=0.000592
2019-02-27 21:33:13,681 [INFO]  Epoch[3] Validation-Citations-accuracy=0.000000
2019-02-27 21:33:14,228 [INFO]  Epoch[4] Batch [1043]	Speed: 30529.65 samples/sec	cross-entropy=0.000640	Citations-accuracy=3.024904
2019-02-27 21:33:14,764 [INFO]  Epoch[4] Train-cross-entropy=0.715859
2019-02-27 21:33:14,764 [INFO]  Epoch[4] Train-Citations-accuracy=3.047070
2019-02-27 21:33:14,764 [INFO]  Epoch[4] Time cost=1.083
2019-02-27 21:33:14,766 [INFO]  Saved checkpoint to "imputer_model/model-0004.params"
2019-02-27 21:33:14,813 [INFO]  Epoch[4] Validation-cross-entropy=0.581293
2019-02-27 21:33:14,813 [INFO]  Epoch[4] Validation-Citations-accuracy=0.000000
2019-02-27 21:33:15,361 [INFO]  Epoch[5] Batch [1043]	Speed: 30492.67 samples/sec	cross-entropy=0.017854	Citations-accuracy=3.024904
2019-02-27 21:33:15,911 [INFO]  Epoch[5] Train-cross-entropy=0.006265
2019-02-27 21:33:15,911 [INFO]  Epoch[5] Train-Citations-accuracy=3.047070
2019-02-27 21:33:15,911 [INFO]  Epoch[5] Time cost=1.098
2019-02-27 21:33:15,912 [INFO]  Saved checkpoint to "imputer_model/model-0005.params"
2019-02-27 21:33:15,959 [INFO]  Epoch[5] Validation-cross-entropy=0.007358
2019-02-27 21:33:15,959 [INFO]  Epoch[5] Validation-Citations-accuracy=0.000000
2019-02-27 21:33:16,509 [INFO]  Epoch[6] Batch [1043]	Speed: 30425.61 samples/sec	cross-entropy=0.001414	Citations-accuracy=3.024904
2019-02-27 21:33:17,045 [INFO]  Epoch[6] Train-cross-entropy=0.247738
2019-02-27 21:33:17,045 [INFO]  Epoch[6] Train-Citations-accuracy=3.047070
2019-02-27 21:33:17,045 [INFO]  Epoch[6] Time cost=1.086
2019-02-27 21:33:17,047 [INFO]  Saved checkpoint to "imputer_model/model-0006.params"
2019-02-27 21:33:17,093 [INFO]  No improvement detected for 3 epochs compared to 0.0005918351606750446 last error obtained: 0.3008661995883341, stopping here
2019-02-27 21:33:17,093 [INFO]  Stopping training, patience reached
2019-02-27 21:33:17,093 [INFO]  
========== done (8.122160911560059 s) fit model
2019-02-27 21:33:17,216 [INFO]  Expected calibration error: 100.0%
2019-02-27 21:33:17,364 [INFO]  Expected calibration error after calibration: 100.0%
2019-02-27 21:33:17,491 [INFO]  save metrics in imputer_model/fit-test-metrics.json
2019-02-27 21:33:17,492 [INFO]  Keeping imputer_model/model-0003.params
2019-02-27 21:33:17,492 [INFO]  Deleting imputer_model/model-0005.params
2019-02-27 21:33:17,492 [INFO]  Deleting imputer_model/model-0001.params
2019-02-27 21:33:17,492 [INFO]  Deleting imputer_model/model-0006.params
2019-02-27 21:33:17,492 [INFO]  Deleting imputer_model/model-0000.params
2019-02-27 21:33:17,492 [INFO]  Deleting imputer_model/model-0004.params
2019-02-27 21:33:17,493 [INFO]  Deleting imputer_model/model-0002.params
2019-02-27 21:33:17,502 [INFO]  Concatenating numeric columns ['Citations'] into numerical_features-2yW4Acq9GF
2019-02-27 21:33:17,502 [INFO]  Normalizing with StandardScaler
2019-02-27 21:33:17,503 [INFO]  Data Encoding - Encoded 9264 rows of column                         Citations with <class 'datawig.column_encoders.NumericalEncoder'> into                         <class 'numpy.ndarray'> of shape (9264, 1)                         and then into shape (9264, 1)
2019-02-27 21:33:17,504 [INFO]  Concatenating numeric columns ['Citations'] into Citations
2019-02-27 21:33:17,504 [INFO]  Normalizing with StandardScaler
2019-02-27 21:33:17,504 [INFO]  Label Encoding - Encoded 9264 rows of column                             Citations with <class 'datawig.column_encoders.NumericalEncoder'> into                             <class 'numpy.ndarray'> of shape (9264, 1) and                             then into shape (9264, 1)
2019-02-27 21:33:17,699 [INFO]  Top-k only for CategoricalEncoder, dropping Citations, <class 'datawig.column_encoders.NumericalEncoder'>
2019-02-27 21:33:17,699 [INFO]  Precision filtering only for CategoricalEncoder returning                             Citations unfiltered
2019-02-27 21:34:55,169 [INFO]  Using [[cpu(0)]] as the context for training
2019-02-27 21:34:55,176 [INFO]  Fitting label encoder <class 'datawig.column_encoders.NumericalEncoder'> on 33352 rows                             of training data
2019-02-27 21:34:55,180 [INFO]  Detected 0 rows with missing labels                         for column Citations
2019-02-27 21:34:55,181 [INFO]  Dropping 0/33352 rows
2019-02-27 21:34:55,183 [INFO]  Detected 685 rows with missing labels                         for column Citations
2019-02-27 21:34:55,183 [INFO]  Dropping 685/3705 rows
2019-02-27 21:34:55,184 [INFO]  Train: 33352, Test: 3020
2019-02-27 21:34:55,184 [INFO]  Fitting data encoder <class 'datawig.column_encoders.NumericalEncoder'> on columns Citations and 33352 rows of training data with parameters {'input_columns': ['Citations'], 'output_column': 'numerical_features-2yW4Acq9GF', 'output_dim': 1, 'normalize': True, 'scaler': None}
2019-02-27 21:34:55,187 [INFO]  Building Train Iterator with 33352 elements
2019-02-27 21:34:55,281 [INFO]  Concatenating numeric columns ['Citations'] into numerical_features-2yW4Acq9GF
2019-02-27 21:34:55,281 [INFO]  Normalizing with StandardScaler
2019-02-27 21:34:55,282 [INFO]  Data Encoding - Encoded 33360 rows of column                         Citations with <class 'datawig.column_encoders.NumericalEncoder'> into                         <class 'numpy.ndarray'> of shape (33360, 1)                         and then into shape (33360, 1)
2019-02-27 21:34:55,283 [INFO]  Concatenating numeric columns ['Citations'] into Citations
2019-02-27 21:34:55,283 [INFO]  Normalizing with StandardScaler
2019-02-27 21:34:55,283 [INFO]  Label Encoding - Encoded 33360 rows of column                             Citations with <class 'datawig.column_encoders.NumericalEncoder'> into                             <class 'numpy.ndarray'> of shape (33360, 1) and                             then into shape (33360, 1)
2019-02-27 21:34:55,284 [INFO]  Building Test Iterator with 3020 elements
2019-02-27 21:34:55,302 [INFO]  Concatenating numeric columns ['Citations'] into numerical_features-2yW4Acq9GF
2019-02-27 21:34:55,302 [INFO]  Normalizing with StandardScaler
2019-02-27 21:34:55,303 [INFO]  Data Encoding - Encoded 3024 rows of column                         Citations with <class 'datawig.column_encoders.NumericalEncoder'> into                         <class 'numpy.ndarray'> of shape (3024, 1)                         and then into shape (3024, 1)
2019-02-27 21:34:55,304 [INFO]  Concatenating numeric columns ['Citations'] into Citations
2019-02-27 21:34:55,304 [INFO]  Normalizing with StandardScaler
2019-02-27 21:34:55,304 [INFO]  Label Encoding - Encoded 3024 rows of column                             Citations with <class 'datawig.column_encoders.NumericalEncoder'> into                             <class 'numpy.ndarray'> of shape (3024, 1) and                             then into shape (3024, 1)
2019-02-27 21:34:55,306 [INFO]  Concatenating all 1 latent symbols
2019-02-27 21:34:55,306 [INFO]  Constructing numerical loss for column Citations
2019-02-27 21:34:55,306 [INFO]  Building output symbols
2019-02-27 21:34:55,309 [INFO]  
========== start: fit model
2019-02-27 21:34:55,309 [WARNING]  Already bound, ignoring bind()
2019-02-27 21:34:55,887 [INFO]  Epoch[0] Batch [1043]	Speed: 28951.37 samples/sec	cross-entropy=0.101419	Citations-accuracy=3.024904
2019-02-27 21:34:56,427 [INFO]  Epoch[0] Train-cross-entropy=1.287389
2019-02-27 21:34:56,427 [INFO]  Epoch[0] Train-Citations-accuracy=3.047070
2019-02-27 21:34:56,427 [INFO]  Epoch[0] Time cost=1.117
2019-02-27 21:34:56,429 [INFO]  Saved checkpoint to "imputer_model/model-0000.params"
2019-02-27 21:34:56,474 [INFO]  Epoch[0] Validation-cross-entropy=0.000918
2019-02-27 21:34:56,474 [INFO]  Epoch[0] Validation-Citations-accuracy=0.000000
2019-02-27 21:34:57,022 [INFO]  Epoch[1] Batch [1043]	Speed: 30525.41 samples/sec	cross-entropy=0.002219	Citations-accuracy=3.024904
2019-02-27 21:34:57,586 [INFO]  Epoch[1] Train-cross-entropy=1.790471
2019-02-27 21:34:57,587 [INFO]  Epoch[1] Train-Citations-accuracy=3.047070
2019-02-27 21:34:57,587 [INFO]  Epoch[1] Time cost=1.112
2019-02-27 21:34:57,588 [INFO]  Saved checkpoint to "imputer_model/model-0001.params"
2019-02-27 21:34:57,632 [INFO]  Epoch[1] Validation-cross-entropy=0.210476
2019-02-27 21:34:57,632 [INFO]  Epoch[1] Validation-Citations-accuracy=0.000000
2019-02-27 21:34:58,171 [INFO]  Epoch[2] Batch [1043]	Speed: 30960.69 samples/sec	cross-entropy=0.035507	Citations-accuracy=3.024904
2019-02-27 21:34:58,704 [INFO]  Epoch[2] Train-cross-entropy=0.150116
2019-02-27 21:34:58,704 [INFO]  Epoch[2] Train-Citations-accuracy=3.047070
2019-02-27 21:34:58,705 [INFO]  Epoch[2] Time cost=1.073
2019-02-27 21:34:58,706 [INFO]  Saved checkpoint to "imputer_model/model-0002.params"
2019-02-27 21:34:58,754 [INFO]  Epoch[2] Validation-cross-entropy=0.389221
2019-02-27 21:34:58,754 [INFO]  Epoch[2] Validation-Citations-accuracy=0.000000
2019-02-27 21:34:59,297 [INFO]  Epoch[3] Batch [1043]	Speed: 30809.04 samples/sec	cross-entropy=0.007285	Citations-accuracy=3.024904
2019-02-27 21:34:59,831 [INFO]  Epoch[3] Train-cross-entropy=0.001271
2019-02-27 21:34:59,831 [INFO]  Epoch[3] Train-Citations-accuracy=3.047070
2019-02-27 21:34:59,831 [INFO]  Epoch[3] Time cost=1.077
2019-02-27 21:34:59,833 [INFO]  Saved checkpoint to "imputer_model/model-0003.params"
2019-02-27 21:34:59,880 [INFO]  Epoch[3] Validation-cross-entropy=0.000592
2019-02-27 21:34:59,880 [INFO]  Epoch[3] Validation-Citations-accuracy=0.000000
2019-02-27 21:35:00,433 [INFO]  Epoch[4] Batch [1043]	Speed: 30226.03 samples/sec	cross-entropy=0.000640	Citations-accuracy=3.024904
2019-02-27 21:35:00,978 [INFO]  Epoch[4] Train-cross-entropy=0.715859
2019-02-27 21:35:00,978 [INFO]  Epoch[4] Train-Citations-accuracy=3.047070
2019-02-27 21:35:00,978 [INFO]  Epoch[4] Time cost=1.099
2019-02-27 21:35:00,980 [INFO]  Saved checkpoint to "imputer_model/model-0004.params"
2019-02-27 21:35:01,028 [INFO]  Epoch[4] Validation-cross-entropy=0.581293
2019-02-27 21:35:01,028 [INFO]  Epoch[4] Validation-Citations-accuracy=0.000000
2019-02-27 21:35:01,600 [INFO]  Epoch[5] Batch [1043]	Speed: 29241.34 samples/sec	cross-entropy=0.017854	Citations-accuracy=3.024904
2019-02-27 21:35:02,242 [INFO]  Epoch[5] Train-cross-entropy=0.006265
2019-02-27 21:35:02,242 [INFO]  Epoch[5] Train-Citations-accuracy=3.047070
2019-02-27 21:35:02,242 [INFO]  Epoch[5] Time cost=1.214
2019-02-27 21:35:02,270 [INFO]  Saved checkpoint to "imputer_model/model-0005.params"
2019-02-27 21:35:02,330 [INFO]  Epoch[5] Validation-cross-entropy=0.007358
2019-02-27 21:35:02,330 [INFO]  Epoch[5] Validation-Citations-accuracy=0.000000
2019-02-27 21:35:02,946 [INFO]  Epoch[6] Batch [1043]	Speed: 27110.41 samples/sec	cross-entropy=0.001414	Citations-accuracy=3.024904
2019-02-27 21:35:03,499 [INFO]  Epoch[6] Train-cross-entropy=0.247738
2019-02-27 21:35:03,499 [INFO]  Epoch[6] Train-Citations-accuracy=3.047070
2019-02-27 21:35:03,499 [INFO]  Epoch[6] Time cost=1.169
2019-02-27 21:35:03,501 [INFO]  Saved checkpoint to "imputer_model/model-0006.params"
2019-02-27 21:35:03,547 [INFO]  No improvement detected for 3 epochs compared to 0.0005918351606750446 last error obtained: 0.3008661995883341, stopping here
2019-02-27 21:35:03,547 [INFO]  Stopping training, patience reached
2019-02-27 21:35:03,547 [INFO]  
========== done (8.23845887184143 s) fit model
2019-02-27 21:35:03,671 [INFO]  Expected calibration error: 100.0%
2019-02-27 21:35:03,828 [INFO]  Expected calibration error after calibration: 100.0%
2019-02-27 21:35:03,958 [INFO]  save metrics in imputer_model/fit-test-metrics.json
2019-02-27 21:35:03,959 [INFO]  Keeping imputer_model/model-0003.params
2019-02-27 21:35:03,959 [INFO]  Deleting imputer_model/model-0004.params
2019-02-27 21:35:03,959 [INFO]  Deleting imputer_model/model-0006.params
2019-02-27 21:35:03,959 [INFO]  Deleting imputer_model/model-0002.params
2019-02-27 21:35:03,959 [INFO]  Deleting imputer_model/model-0005.params
2019-02-27 21:35:03,959 [INFO]  Deleting imputer_model/model-0000.params
2019-02-27 21:35:03,960 [INFO]  Deleting imputer_model/model-0001.params
2019-02-27 21:35:03,968 [INFO]  Concatenating numeric columns ['Citations'] into numerical_features-2yW4Acq9GF
2019-02-27 21:35:03,968 [INFO]  Normalizing with StandardScaler
2019-02-27 21:35:03,969 [INFO]  Data Encoding - Encoded 9264 rows of column                         Citations with <class 'datawig.column_encoders.NumericalEncoder'> into                         <class 'numpy.ndarray'> of shape (9264, 1)                         and then into shape (9264, 1)
2019-02-27 21:35:03,970 [INFO]  Concatenating numeric columns ['Citations'] into Citations
2019-02-27 21:35:03,970 [INFO]  Normalizing with StandardScaler
2019-02-27 21:35:03,970 [INFO]  Label Encoding - Encoded 9264 rows of column                             Citations with <class 'datawig.column_encoders.NumericalEncoder'> into                             <class 'numpy.ndarray'> of shape (9264, 1) and                             then into shape (9264, 1)
2019-02-27 21:35:04,164 [INFO]  Top-k only for CategoricalEncoder, dropping Citations, <class 'datawig.column_encoders.NumericalEncoder'>
2019-02-27 21:35:04,164 [INFO]  Precision filtering only for CategoricalEncoder returning                             Citations unfiltered
2019-02-27 21:36:17,771 [INFO]  Using [[cpu(0)]] as the context for training
2019-02-27 21:36:17,779 [INFO]  Fitting label encoder <class 'datawig_imputation.column_encoders.NumericalEncoder'> on 33352 rows                             of training data
2019-02-27 21:36:17,782 [INFO]  Detected 0 rows with missing labels                         for column Citations
2019-02-27 21:36:17,783 [INFO]  Dropping 0/33352 rows
2019-02-27 21:36:17,785 [INFO]  Detected 685 rows with missing labels                         for column Citations
2019-02-27 21:36:17,786 [INFO]  Dropping 685/3705 rows
2019-02-27 21:36:17,786 [INFO]  Train: 33352, Test: 3020
2019-02-27 21:36:17,786 [INFO]  Fitting data encoder <class 'datawig_imputation.column_encoders.NumericalEncoder'> on columns Citations and 33352 rows of training data with parameters {'input_columns': ['Citations'], 'output_column': 'numerical_features-2yW4Acq9GF', 'output_dim': 1, 'normalize': True, 'scaler': None}
2019-02-27 21:36:17,789 [INFO]  Building Train Iterator with 33352 elements
2019-02-27 21:36:17,877 [INFO]  Concatenating numeric columns ['Citations'] into numerical_features-2yW4Acq9GF
2019-02-27 21:36:17,877 [INFO]  Normalizing with StandardScaler
2019-02-27 21:36:17,878 [INFO]  Data Encoding - Encoded 33360 rows of column                         Citations with <class 'datawig_imputation.column_encoders.NumericalEncoder'> into                         <class 'numpy.ndarray'> of shape (33360, 1)                         and then into shape (33360, 1)
2019-02-27 21:36:17,879 [INFO]  Concatenating numeric columns ['Citations'] into Citations
2019-02-27 21:36:17,879 [INFO]  Normalizing with StandardScaler
2019-02-27 21:36:17,880 [INFO]  Label Encoding - Encoded 33360 rows of column                             Citations with <class 'datawig_imputation.column_encoders.NumericalEncoder'> into                             <class 'numpy.ndarray'> of shape (33360, 1) and                             then into shape (33360, 1)
2019-02-27 21:36:17,880 [INFO]  Building Test Iterator with 3020 elements
2019-02-27 21:36:17,901 [INFO]  Concatenating numeric columns ['Citations'] into numerical_features-2yW4Acq9GF
2019-02-27 21:36:17,901 [INFO]  Normalizing with StandardScaler
2019-02-27 21:36:17,903 [INFO]  Data Encoding - Encoded 3024 rows of column                         Citations with <class 'datawig_imputation.column_encoders.NumericalEncoder'> into                         <class 'numpy.ndarray'> of shape (3024, 1)                         and then into shape (3024, 1)
2019-02-27 21:36:17,904 [INFO]  Concatenating numeric columns ['Citations'] into Citations
2019-02-27 21:36:17,904 [INFO]  Normalizing with StandardScaler
2019-02-27 21:36:17,904 [INFO]  Label Encoding - Encoded 3024 rows of column                             Citations with <class 'datawig_imputation.column_encoders.NumericalEncoder'> into                             <class 'numpy.ndarray'> of shape (3024, 1) and                             then into shape (3024, 1)
2019-02-27 21:36:17,905 [INFO]  Concatenating all 1 latent symbols
2019-02-27 21:36:17,906 [INFO]  Constructing numerical loss for column Citations
2019-02-27 21:36:17,906 [INFO]  Building output symbols
2019-02-27 21:36:17,908 [INFO]  
========== start: fit model
2019-02-27 21:36:17,908 [WARNING]  Already bound, ignoring bind()
2019-02-27 21:36:18,538 [INFO]  Epoch[0] Batch [1043]	Speed: 26703.15 samples/sec	cross-entropy=0.101419	Citations-accuracy=3.024904
2019-02-27 21:36:19,069 [INFO]  Epoch[0] Train-cross-entropy=1.287389
2019-02-27 21:36:19,069 [INFO]  Epoch[0] Train-Citations-accuracy=3.047070
2019-02-27 21:36:19,069 [INFO]  Epoch[0] Time cost=1.159
2019-02-27 21:36:19,071 [INFO]  Saved checkpoint to "imputer_model/model-0000.params"
2019-02-27 21:36:19,116 [INFO]  Epoch[0] Validation-cross-entropy=0.000918
2019-02-27 21:36:19,116 [INFO]  Epoch[0] Validation-Citations-accuracy=0.000000
2019-02-27 21:36:19,693 [INFO]  Epoch[1] Batch [1043]	Speed: 28989.89 samples/sec	cross-entropy=0.002219	Citations-accuracy=3.024904
2019-02-27 21:36:20,247 [INFO]  Epoch[1] Train-cross-entropy=1.790471
2019-02-27 21:36:20,247 [INFO]  Epoch[1] Train-Citations-accuracy=3.047070
2019-02-27 21:36:20,247 [INFO]  Epoch[1] Time cost=1.131
2019-02-27 21:36:20,249 [INFO]  Saved checkpoint to "imputer_model/model-0001.params"
2019-02-27 21:36:20,301 [INFO]  Epoch[1] Validation-cross-entropy=0.210476
2019-02-27 21:36:20,301 [INFO]  Epoch[1] Validation-Citations-accuracy=0.000000
2019-02-27 21:36:20,847 [INFO]  Epoch[2] Batch [1043]	Speed: 30635.26 samples/sec	cross-entropy=0.035507	Citations-accuracy=3.024904
2019-02-27 21:36:21,378 [INFO]  Epoch[2] Train-cross-entropy=0.150116
2019-02-27 21:36:21,378 [INFO]  Epoch[2] Train-Citations-accuracy=3.047070
2019-02-27 21:36:21,378 [INFO]  Epoch[2] Time cost=1.077
2019-02-27 21:36:21,380 [INFO]  Saved checkpoint to "imputer_model/model-0002.params"
2019-02-27 21:36:21,427 [INFO]  Epoch[2] Validation-cross-entropy=0.389221
2019-02-27 21:36:21,427 [INFO]  Epoch[2] Validation-Citations-accuracy=0.000000
2019-02-27 21:36:21,971 [INFO]  Epoch[3] Batch [1043]	Speed: 30709.56 samples/sec	cross-entropy=0.007285	Citations-accuracy=3.024904
2019-02-27 21:36:22,506 [INFO]  Epoch[3] Train-cross-entropy=0.001271
2019-02-27 21:36:22,506 [INFO]  Epoch[3] Train-Citations-accuracy=3.047070
2019-02-27 21:36:22,507 [INFO]  Epoch[3] Time cost=1.079
2019-02-27 21:36:22,508 [INFO]  Saved checkpoint to "imputer_model/model-0003.params"
2019-02-27 21:36:22,551 [INFO]  Epoch[3] Validation-cross-entropy=0.000592
2019-02-27 21:36:22,552 [INFO]  Epoch[3] Validation-Citations-accuracy=0.000000
2019-02-27 21:36:23,091 [INFO]  Epoch[4] Batch [1043]	Speed: 30955.77 samples/sec	cross-entropy=0.000640	Citations-accuracy=3.024904
2019-02-27 21:36:23,620 [INFO]  Epoch[4] Train-cross-entropy=0.715859
2019-02-27 21:36:23,620 [INFO]  Epoch[4] Train-Citations-accuracy=3.047070
2019-02-27 21:36:23,620 [INFO]  Epoch[4] Time cost=1.069
2019-02-27 21:36:23,622 [INFO]  Saved checkpoint to "imputer_model/model-0004.params"
2019-02-27 21:36:23,667 [INFO]  Epoch[4] Validation-cross-entropy=0.581293
2019-02-27 21:36:23,667 [INFO]  Epoch[4] Validation-Citations-accuracy=0.000000
2019-02-27 21:36:24,203 [INFO]  Epoch[5] Batch [1043]	Speed: 31174.40 samples/sec	cross-entropy=0.017854	Citations-accuracy=3.024904
2019-02-27 21:36:24,742 [INFO]  Epoch[5] Train-cross-entropy=0.006265
2019-02-27 21:36:24,742 [INFO]  Epoch[5] Train-Citations-accuracy=3.047070
2019-02-27 21:36:24,743 [INFO]  Epoch[5] Time cost=1.075
2019-02-27 21:36:24,744 [INFO]  Saved checkpoint to "imputer_model/model-0005.params"
2019-02-27 21:36:24,790 [INFO]  Epoch[5] Validation-cross-entropy=0.007358
2019-02-27 21:36:24,790 [INFO]  Epoch[5] Validation-Citations-accuracy=0.000000
2019-02-27 21:36:25,337 [INFO]  Epoch[6] Batch [1043]	Speed: 30571.60 samples/sec	cross-entropy=0.001414	Citations-accuracy=3.024904
2019-02-27 21:36:25,869 [INFO]  Epoch[6] Train-cross-entropy=0.247738
2019-02-27 21:36:25,869 [INFO]  Epoch[6] Train-Citations-accuracy=3.047070
2019-02-27 21:36:25,869 [INFO]  Epoch[6] Time cost=1.079
2019-02-27 21:36:25,871 [INFO]  Saved checkpoint to "imputer_model/model-0006.params"
2019-02-27 21:36:25,916 [INFO]  No improvement detected for 3 epochs compared to 0.0005918351606750446 last error obtained: 0.3008661995883341, stopping here
2019-02-27 21:36:25,916 [INFO]  Stopping training, patience reached
2019-02-27 21:36:25,916 [INFO]  
========== done (8.008137941360474 s) fit model
2019-02-27 21:36:26,035 [INFO]  Expected calibration error: 100.0%
2019-02-27 21:36:26,178 [INFO]  Expected calibration error after calibration: 100.0%
2019-02-27 21:36:26,305 [INFO]  save metrics in imputer_model/fit-test-metrics.json
2019-02-27 21:36:26,306 [INFO]  Keeping imputer_model/model-0003.params
2019-02-27 21:36:26,306 [INFO]  Deleting imputer_model/model-0005.params
2019-02-27 21:36:26,306 [INFO]  Deleting imputer_model/model-0004.params
2019-02-27 21:36:26,306 [INFO]  Deleting imputer_model/model-0002.params
2019-02-27 21:36:26,306 [INFO]  Deleting imputer_model/model-0006.params
2019-02-27 21:36:26,307 [INFO]  Deleting imputer_model/model-0000.params
2019-02-27 21:36:26,307 [INFO]  Deleting imputer_model/model-0001.params
2019-02-27 21:36:26,316 [INFO]  Concatenating numeric columns ['Citations'] into numerical_features-2yW4Acq9GF
2019-02-27 21:36:26,316 [INFO]  Normalizing with StandardScaler
2019-02-27 21:36:26,317 [INFO]  Data Encoding - Encoded 9264 rows of column                         Citations with <class 'datawig_imputation.column_encoders.NumericalEncoder'> into                         <class 'numpy.ndarray'> of shape (9264, 1)                         and then into shape (9264, 1)
2019-02-27 21:36:26,318 [INFO]  Concatenating numeric columns ['Citations'] into Citations
2019-02-27 21:36:26,318 [INFO]  Normalizing with StandardScaler
2019-02-27 21:36:26,318 [INFO]  Label Encoding - Encoded 9264 rows of column                             Citations with <class 'datawig_imputation.column_encoders.NumericalEncoder'> into                             <class 'numpy.ndarray'> of shape (9264, 1) and                             then into shape (9264, 1)
2019-02-27 21:36:26,514 [INFO]  Top-k only for CategoricalEncoder, dropping Citations, <class 'datawig_imputation.column_encoders.NumericalEncoder'>
2019-02-27 21:36:26,514 [INFO]  Precision filtering only for CategoricalEncoder returning                             Citations unfiltered
2019-02-27 21:41:05,965 [INFO]  Using [[cpu(0)]] as the context for training
2019-02-27 21:41:05,972 [INFO]  Fitting label encoder <class 'datawig_imputation.column_encoders.NumericalEncoder'> on 33352 rows                             of training data
2019-02-27 21:41:05,976 [INFO]  Detected 0 rows with missing labels                         for column Citations
2019-02-27 21:41:05,977 [INFO]  Dropping 0/33352 rows
2019-02-27 21:41:05,979 [INFO]  Detected 685 rows with missing labels                         for column Citations
2019-02-27 21:41:05,980 [INFO]  Dropping 685/3705 rows
2019-02-27 21:41:05,980 [INFO]  Train: 33352, Test: 3020
2019-02-27 21:41:05,980 [INFO]  Fitting data encoder <class 'datawig_imputation.column_encoders.NumericalEncoder'> on columns Citations and 33352 rows of training data with parameters {'input_columns': ['Citations'], 'output_column': 'numerical_features-2yW4Acq9GF', 'output_dim': 1, 'normalize': True, 'scaler': None}
2019-02-27 21:41:05,983 [INFO]  Building Train Iterator with 33352 elements
2019-02-27 21:41:06,082 [INFO]  Concatenating numeric columns ['Citations'] into numerical_features-2yW4Acq9GF
2019-02-27 21:41:06,082 [INFO]  Normalizing with StandardScaler
2019-02-27 21:41:06,083 [INFO]  Data Encoding - Encoded 33360 rows of column                         Citations with <class 'datawig_imputation.column_encoders.NumericalEncoder'> into                         <class 'numpy.ndarray'> of shape (33360, 1)                         and then into shape (33360, 1)
2019-02-27 21:41:06,084 [INFO]  Concatenating numeric columns ['Citations'] into Citations
2019-02-27 21:41:06,084 [INFO]  Normalizing with StandardScaler
2019-02-27 21:41:06,085 [INFO]  Label Encoding - Encoded 33360 rows of column                             Citations with <class 'datawig_imputation.column_encoders.NumericalEncoder'> into                             <class 'numpy.ndarray'> of shape (33360, 1) and                             then into shape (33360, 1)
2019-02-27 21:41:06,085 [INFO]  Building Test Iterator with 3020 elements
2019-02-27 21:41:06,101 [INFO]  Concatenating numeric columns ['Citations'] into numerical_features-2yW4Acq9GF
2019-02-27 21:41:06,101 [INFO]  Normalizing with StandardScaler
2019-02-27 21:41:06,102 [INFO]  Data Encoding - Encoded 3024 rows of column                         Citations with <class 'datawig_imputation.column_encoders.NumericalEncoder'> into                         <class 'numpy.ndarray'> of shape (3024, 1)                         and then into shape (3024, 1)
2019-02-27 21:41:06,103 [INFO]  Concatenating numeric columns ['Citations'] into Citations
2019-02-27 21:41:06,103 [INFO]  Normalizing with StandardScaler
2019-02-27 21:41:06,104 [INFO]  Label Encoding - Encoded 3024 rows of column                             Citations with <class 'datawig_imputation.column_encoders.NumericalEncoder'> into                             <class 'numpy.ndarray'> of shape (3024, 1) and                             then into shape (3024, 1)
2019-02-27 21:41:06,104 [INFO]  Concatenating all 1 latent symbols
2019-02-27 21:41:06,105 [INFO]  Constructing numerical loss for column Citations
2019-02-27 21:41:06,105 [INFO]  Building output symbols
2019-02-27 21:41:06,107 [INFO]  
========== start: fit model
2019-02-27 21:41:06,107 [WARNING]  Already bound, ignoring bind()
2019-02-27 21:41:06,658 [INFO]  Epoch[0] Batch [1043]	Speed: 30414.98 samples/sec	cross-entropy=0.101419	Citations-accuracy=3.024904
2019-02-27 21:41:07,178 [INFO]  Epoch[0] Train-cross-entropy=1.287389
2019-02-27 21:41:07,178 [INFO]  Epoch[0] Train-Citations-accuracy=3.047070
2019-02-27 21:41:07,178 [INFO]  Epoch[0] Time cost=1.070
2019-02-27 21:41:07,180 [INFO]  Saved checkpoint to "imputer_model/model-0000.params"
2019-02-27 21:41:07,223 [INFO]  Epoch[0] Validation-cross-entropy=0.000918
2019-02-27 21:41:07,223 [INFO]  Epoch[0] Validation-Citations-accuracy=0.000000
2019-02-27 21:41:07,757 [INFO]  Epoch[1] Batch [1043]	Speed: 31301.04 samples/sec	cross-entropy=0.002219	Citations-accuracy=3.024904
2019-02-27 21:41:08,296 [INFO]  Epoch[1] Train-cross-entropy=1.790471
2019-02-27 21:41:08,296 [INFO]  Epoch[1] Train-Citations-accuracy=3.047070
2019-02-27 21:41:08,296 [INFO]  Epoch[1] Time cost=1.073
2019-02-27 21:41:08,298 [INFO]  Saved checkpoint to "imputer_model/model-0001.params"
2019-02-27 21:41:08,341 [INFO]  Epoch[1] Validation-cross-entropy=0.210476
2019-02-27 21:41:08,342 [INFO]  Epoch[1] Validation-Citations-accuracy=0.000000
2019-02-27 21:41:08,945 [INFO]  Epoch[2] Batch [1043]	Speed: 27704.04 samples/sec	cross-entropy=0.035507	Citations-accuracy=3.024904
2019-02-27 21:41:09,487 [INFO]  Epoch[2] Train-cross-entropy=0.150116
2019-02-27 21:41:09,487 [INFO]  Epoch[2] Train-Citations-accuracy=3.047070
2019-02-27 21:41:09,487 [INFO]  Epoch[2] Time cost=1.145
2019-02-27 21:41:09,488 [INFO]  Saved checkpoint to "imputer_model/model-0002.params"
2019-02-27 21:41:09,535 [INFO]  Epoch[2] Validation-cross-entropy=0.389221
2019-02-27 21:41:09,535 [INFO]  Epoch[2] Validation-Citations-accuracy=0.000000
2019-02-27 21:41:10,090 [INFO]  Epoch[3] Batch [1043]	Speed: 30104.48 samples/sec	cross-entropy=0.007285	Citations-accuracy=3.024904
2019-02-27 21:41:10,622 [INFO]  Epoch[3] Train-cross-entropy=0.001271
2019-02-27 21:41:10,623 [INFO]  Epoch[3] Train-Citations-accuracy=3.047070
2019-02-27 21:41:10,623 [INFO]  Epoch[3] Time cost=1.088
2019-02-27 21:41:10,624 [INFO]  Saved checkpoint to "imputer_model/model-0003.params"
2019-02-27 21:41:10,668 [INFO]  Epoch[3] Validation-cross-entropy=0.000592
2019-02-27 21:41:10,668 [INFO]  Epoch[3] Validation-Citations-accuracy=0.000000
2019-02-27 21:41:11,203 [INFO]  Epoch[4] Batch [1043]	Speed: 31260.99 samples/sec	cross-entropy=0.000640	Citations-accuracy=3.024904
2019-02-27 21:41:11,733 [INFO]  Epoch[4] Train-cross-entropy=0.715859
2019-02-27 21:41:11,733 [INFO]  Epoch[4] Train-Citations-accuracy=3.047070
2019-02-27 21:41:11,733 [INFO]  Epoch[4] Time cost=1.064
2019-02-27 21:41:11,735 [INFO]  Saved checkpoint to "imputer_model/model-0004.params"
2019-02-27 21:41:11,777 [INFO]  Epoch[4] Validation-cross-entropy=0.581293
2019-02-27 21:41:11,777 [INFO]  Epoch[4] Validation-Citations-accuracy=0.000000
2019-02-27 21:41:12,311 [INFO]  Epoch[5] Batch [1043]	Speed: 31310.91 samples/sec	cross-entropy=0.017854	Citations-accuracy=3.024904
2019-02-27 21:41:12,832 [INFO]  Epoch[5] Train-cross-entropy=0.006265
2019-02-27 21:41:12,832 [INFO]  Epoch[5] Train-Citations-accuracy=3.047070
2019-02-27 21:41:12,832 [INFO]  Epoch[5] Time cost=1.055
2019-02-27 21:41:12,834 [INFO]  Saved checkpoint to "imputer_model/model-0005.params"
2019-02-27 21:41:12,878 [INFO]  Epoch[5] Validation-cross-entropy=0.007358
2019-02-27 21:41:12,878 [INFO]  Epoch[5] Validation-Citations-accuracy=0.000000
2019-02-27 21:41:13,406 [INFO]  Epoch[6] Batch [1043]	Speed: 31663.39 samples/sec	cross-entropy=0.001414	Citations-accuracy=3.024904
2019-02-27 21:41:13,932 [INFO]  Epoch[6] Train-cross-entropy=0.247738
2019-02-27 21:41:13,933 [INFO]  Epoch[6] Train-Citations-accuracy=3.047070
2019-02-27 21:41:13,933 [INFO]  Epoch[6] Time cost=1.055
2019-02-27 21:41:13,935 [INFO]  Saved checkpoint to "imputer_model/model-0006.params"
2019-02-27 21:41:13,983 [INFO]  No improvement detected for 3 epochs compared to 0.0005918351606750446 last error obtained: 0.3008661995883341, stopping here
2019-02-27 21:41:13,983 [INFO]  Stopping training, patience reached
2019-02-27 21:41:13,983 [INFO]  
========== done (7.875798940658569 s) fit model
2019-02-27 21:41:14,100 [INFO]  Expected calibration error: 100.0%
2019-02-27 21:41:14,237 [INFO]  Expected calibration error after calibration: 100.0%
2019-02-27 21:41:14,364 [INFO]  save metrics in imputer_model/fit-test-metrics.json
2019-02-27 21:41:14,365 [INFO]  Keeping imputer_model/model-0003.params
2019-02-27 21:41:14,365 [INFO]  Deleting imputer_model/model-0001.params
2019-02-27 21:41:14,365 [INFO]  Deleting imputer_model/model-0006.params
2019-02-27 21:41:14,365 [INFO]  Deleting imputer_model/model-0005.params
2019-02-27 21:41:14,365 [INFO]  Deleting imputer_model/model-0002.params
2019-02-27 21:41:14,365 [INFO]  Deleting imputer_model/model-0000.params
2019-02-27 21:41:14,366 [INFO]  Deleting imputer_model/model-0004.params
2019-02-27 21:41:14,373 [INFO]  Concatenating numeric columns ['Citations'] into numerical_features-2yW4Acq9GF
2019-02-27 21:41:14,373 [INFO]  Normalizing with StandardScaler
2019-02-27 21:41:14,374 [INFO]  Data Encoding - Encoded 9264 rows of column                         Citations with <class 'datawig_imputation.column_encoders.NumericalEncoder'> into                         <class 'numpy.ndarray'> of shape (9264, 1)                         and then into shape (9264, 1)
2019-02-27 21:41:14,375 [INFO]  Concatenating numeric columns ['Citations'] into Citations
2019-02-27 21:41:14,375 [INFO]  Normalizing with StandardScaler
2019-02-27 21:41:14,376 [INFO]  Label Encoding - Encoded 9264 rows of column                             Citations with <class 'datawig_imputation.column_encoders.NumericalEncoder'> into                             <class 'numpy.ndarray'> of shape (9264, 1) and                             then into shape (9264, 1)
2019-02-27 21:41:14,573 [INFO]  Top-k only for CategoricalEncoder, dropping Citations, <class 'datawig_imputation.column_encoders.NumericalEncoder'>
2019-02-27 21:41:14,573 [INFO]  Precision filtering only for CategoricalEncoder returning                             Citations unfiltered
2019-02-27 21:41:28,841 [INFO]  Using [[cpu(0)]] as the context for training
2019-02-27 21:41:28,849 [INFO]  Fitting label encoder <class 'datawig_imputation.column_encoders.NumericalEncoder'> on 33352 rows                             of training data
2019-02-27 21:41:28,853 [INFO]  Detected 0 rows with missing labels                         for column Citations
2019-02-27 21:41:28,853 [INFO]  Dropping 0/33352 rows
2019-02-27 21:41:28,856 [INFO]  Detected 685 rows with missing labels                         for column Citations
2019-02-27 21:41:28,856 [INFO]  Dropping 685/3705 rows
2019-02-27 21:41:28,857 [INFO]  Train: 33352, Test: 3020
2019-02-27 21:41:28,857 [INFO]  Fitting data encoder <class 'datawig_imputation.column_encoders.NumericalEncoder'> on columns Citations and 33352 rows of training data with parameters {'input_columns': ['Citations'], 'output_column': 'numerical_features-2yW4Acq9GF', 'output_dim': 1, 'normalize': True, 'scaler': None}
2019-02-27 21:41:28,859 [INFO]  Building Train Iterator with 33352 elements
2019-02-27 21:41:28,948 [INFO]  Concatenating numeric columns ['Citations'] into numerical_features-2yW4Acq9GF
2019-02-27 21:41:28,948 [INFO]  Normalizing with StandardScaler
2019-02-27 21:41:28,949 [INFO]  Data Encoding - Encoded 33360 rows of column                         Citations with <class 'datawig_imputation.column_encoders.NumericalEncoder'> into                         <class 'numpy.ndarray'> of shape (33360, 1)                         and then into shape (33360, 1)
2019-02-27 21:41:28,950 [INFO]  Concatenating numeric columns ['Citations'] into Citations
2019-02-27 21:41:28,950 [INFO]  Normalizing with StandardScaler
2019-02-27 21:41:28,951 [INFO]  Label Encoding - Encoded 33360 rows of column                             Citations with <class 'datawig_imputation.column_encoders.NumericalEncoder'> into                             <class 'numpy.ndarray'> of shape (33360, 1) and                             then into shape (33360, 1)
2019-02-27 21:41:28,952 [INFO]  Building Test Iterator with 3020 elements
2019-02-27 21:41:28,968 [INFO]  Concatenating numeric columns ['Citations'] into numerical_features-2yW4Acq9GF
2019-02-27 21:41:28,968 [INFO]  Normalizing with StandardScaler
2019-02-27 21:41:28,969 [INFO]  Data Encoding - Encoded 3024 rows of column                         Citations with <class 'datawig_imputation.column_encoders.NumericalEncoder'> into                         <class 'numpy.ndarray'> of shape (3024, 1)                         and then into shape (3024, 1)
2019-02-27 21:41:28,970 [INFO]  Concatenating numeric columns ['Citations'] into Citations
2019-02-27 21:41:28,970 [INFO]  Normalizing with StandardScaler
2019-02-27 21:41:28,970 [INFO]  Label Encoding - Encoded 3024 rows of column                             Citations with <class 'datawig_imputation.column_encoders.NumericalEncoder'> into                             <class 'numpy.ndarray'> of shape (3024, 1) and                             then into shape (3024, 1)
2019-02-27 21:41:28,971 [INFO]  Concatenating all 1 latent symbols
2019-02-27 21:41:28,971 [INFO]  Constructing numerical loss for column Citations
2019-02-27 21:41:28,972 [INFO]  Building output symbols
2019-02-27 21:41:28,974 [INFO]  
========== start: fit model
2019-02-27 21:41:28,974 [WARNING]  Already bound, ignoring bind()
2019-02-27 21:41:29,538 [INFO]  Epoch[0] Batch [1043]	Speed: 29704.31 samples/sec	cross-entropy=0.101419	Citations-accuracy=3.024904
2019-02-27 21:41:30,073 [INFO]  Epoch[0] Train-cross-entropy=1.287389
2019-02-27 21:41:30,073 [INFO]  Epoch[0] Train-Citations-accuracy=3.047070
2019-02-27 21:41:30,073 [INFO]  Epoch[0] Time cost=1.098
2019-02-27 21:41:30,074 [INFO]  Saved checkpoint to "imputer_model/model-0000.params"
2019-02-27 21:41:30,120 [INFO]  Epoch[0] Validation-cross-entropy=0.000918
2019-02-27 21:41:30,120 [INFO]  Epoch[0] Validation-Citations-accuracy=0.000000
2019-02-27 21:41:30,661 [INFO]  Epoch[1] Batch [1043]	Speed: 30863.30 samples/sec	cross-entropy=0.002219	Citations-accuracy=3.024904
2019-02-27 21:41:31,212 [INFO]  Epoch[1] Train-cross-entropy=1.790471
2019-02-27 21:41:31,212 [INFO]  Epoch[1] Train-Citations-accuracy=3.047070
2019-02-27 21:41:31,212 [INFO]  Epoch[1] Time cost=1.092
2019-02-27 21:41:31,214 [INFO]  Saved checkpoint to "imputer_model/model-0001.params"
2019-02-27 21:41:31,259 [INFO]  Epoch[1] Validation-cross-entropy=0.210476
2019-02-27 21:41:31,259 [INFO]  Epoch[1] Validation-Citations-accuracy=0.000000
2019-02-27 21:41:31,796 [INFO]  Epoch[2] Batch [1043]	Speed: 31129.51 samples/sec	cross-entropy=0.035507	Citations-accuracy=3.024904
2019-02-27 21:41:32,326 [INFO]  Epoch[2] Train-cross-entropy=0.150116
2019-02-27 21:41:32,326 [INFO]  Epoch[2] Train-Citations-accuracy=3.047070
2019-02-27 21:41:32,326 [INFO]  Epoch[2] Time cost=1.067
2019-02-27 21:41:32,328 [INFO]  Saved checkpoint to "imputer_model/model-0002.params"
2019-02-27 21:41:32,373 [INFO]  Epoch[2] Validation-cross-entropy=0.389221
2019-02-27 21:41:32,373 [INFO]  Epoch[2] Validation-Citations-accuracy=0.000000
2019-02-27 21:41:32,915 [INFO]  Epoch[3] Batch [1043]	Speed: 30816.78 samples/sec	cross-entropy=0.007285	Citations-accuracy=3.024904
2019-02-27 21:41:33,448 [INFO]  Epoch[3] Train-cross-entropy=0.001271
2019-02-27 21:41:33,448 [INFO]  Epoch[3] Train-Citations-accuracy=3.047070
2019-02-27 21:41:33,448 [INFO]  Epoch[3] Time cost=1.075
2019-02-27 21:41:33,450 [INFO]  Saved checkpoint to "imputer_model/model-0003.params"
2019-02-27 21:41:33,495 [INFO]  Epoch[3] Validation-cross-entropy=0.000592
2019-02-27 21:41:33,496 [INFO]  Epoch[3] Validation-Citations-accuracy=0.000000
2019-02-27 21:41:34,034 [INFO]  Epoch[4] Batch [1043]	Speed: 31035.43 samples/sec	cross-entropy=0.000640	Citations-accuracy=3.024904
2019-02-27 21:41:34,573 [INFO]  Epoch[4] Train-cross-entropy=0.715859
2019-02-27 21:41:34,573 [INFO]  Epoch[4] Train-Citations-accuracy=3.047070
2019-02-27 21:41:34,573 [INFO]  Epoch[4] Time cost=1.077
2019-02-27 21:41:34,575 [INFO]  Saved checkpoint to "imputer_model/model-0004.params"
2019-02-27 21:41:34,620 [INFO]  Epoch[4] Validation-cross-entropy=0.581293
2019-02-27 21:41:34,620 [INFO]  Epoch[4] Validation-Citations-accuracy=0.000000
2019-02-27 21:41:35,157 [INFO]  Epoch[5] Batch [1043]	Speed: 31107.75 samples/sec	cross-entropy=0.017854	Citations-accuracy=3.024904
2019-02-27 21:41:35,695 [INFO]  Epoch[5] Train-cross-entropy=0.006265
2019-02-27 21:41:35,695 [INFO]  Epoch[5] Train-Citations-accuracy=3.047070
2019-02-27 21:41:35,695 [INFO]  Epoch[5] Time cost=1.075
2019-02-27 21:41:35,697 [INFO]  Saved checkpoint to "imputer_model/model-0005.params"
2019-02-27 21:41:35,741 [INFO]  Epoch[5] Validation-cross-entropy=0.007358
2019-02-27 21:41:35,741 [INFO]  Epoch[5] Validation-Citations-accuracy=0.000000
2019-02-27 21:41:36,280 [INFO]  Epoch[6] Batch [1043]	Speed: 31011.54 samples/sec	cross-entropy=0.001414	Citations-accuracy=3.024904
2019-02-27 21:41:36,815 [INFO]  Epoch[6] Train-cross-entropy=0.247738
2019-02-27 21:41:36,815 [INFO]  Epoch[6] Train-Citations-accuracy=3.047070
2019-02-27 21:41:36,815 [INFO]  Epoch[6] Time cost=1.074
2019-02-27 21:41:36,817 [INFO]  Saved checkpoint to "imputer_model/model-0006.params"
2019-02-27 21:41:36,860 [INFO]  No improvement detected for 3 epochs compared to 0.0005918351606750446 last error obtained: 0.3008661995883341, stopping here
2019-02-27 21:41:36,860 [INFO]  Stopping training, patience reached
2019-02-27 21:41:36,860 [INFO]  
========== done (7.8861308097839355 s) fit model
2019-02-27 21:41:36,976 [INFO]  Expected calibration error: 100.0%
2019-02-27 21:41:37,116 [INFO]  Expected calibration error after calibration: 100.0%
2019-02-27 21:41:37,244 [INFO]  save metrics in imputer_model/fit-test-metrics.json
2019-02-27 21:41:37,244 [INFO]  Keeping imputer_model/model-0003.params
2019-02-27 21:41:37,245 [INFO]  Deleting imputer_model/model-0000.params
2019-02-27 21:41:37,245 [INFO]  Deleting imputer_model/model-0002.params
2019-02-27 21:41:37,245 [INFO]  Deleting imputer_model/model-0006.params
2019-02-27 21:41:37,245 [INFO]  Deleting imputer_model/model-0005.params
2019-02-27 21:41:37,245 [INFO]  Deleting imputer_model/model-0004.params
2019-02-27 21:41:37,245 [INFO]  Deleting imputer_model/model-0001.params
2019-02-27 21:41:37,253 [INFO]  Concatenating numeric columns ['Citations'] into numerical_features-2yW4Acq9GF
2019-02-27 21:41:37,253 [INFO]  Normalizing with StandardScaler
2019-02-27 21:41:37,254 [INFO]  Data Encoding - Encoded 9264 rows of column                         Citations with <class 'datawig_imputation.column_encoders.NumericalEncoder'> into                         <class 'numpy.ndarray'> of shape (9264, 1)                         and then into shape (9264, 1)
2019-02-27 21:41:37,255 [INFO]  Concatenating numeric columns ['Citations'] into Citations
2019-02-27 21:41:37,255 [INFO]  Normalizing with StandardScaler
2019-02-27 21:41:37,256 [INFO]  Label Encoding - Encoded 9264 rows of column                             Citations with <class 'datawig_imputation.column_encoders.NumericalEncoder'> into                             <class 'numpy.ndarray'> of shape (9264, 1) and                             then into shape (9264, 1)
2019-02-27 21:41:37,447 [INFO]  Top-k only for CategoricalEncoder, dropping Citations, <class 'datawig_imputation.column_encoders.NumericalEncoder'>
2019-02-27 21:41:37,447 [INFO]  Precision filtering only for CategoricalEncoder returning                             Citations unfiltered
